<?xml version="1.0" encoding="UTF-8"?>
<!-- Generated by org.testng.reporters.JUnitReportReporter -->
<testsuite hostname="Santhanams-MBP" failures="0" tests="1" name="Gurulogintest" time="31.516" errors="0" timestamp="18 Oct 2019 06:05:04 GMT" skipped="0">
  <testcase classname="Gurulogintest" name="login2" time="31.516"/>
</testsuite> <!-- Gurulogintest -->
